2024-08-14 16:14:57.815 | DEBUG    | 28332:22688 | nxpy.db.executor:make_statement:410 - sql [quant_data_clear.get_history_no.0] = [SELECT CurrValue FROM quant.t_Counter WHERE CounterID = 't_QuantTestHistory' FOR UPDATE]
2024-08-14 16:16:20.814 | DEBUG    | 20488:18960 | nxpy.db.executor:make_statement:410 - sql [quant_data_clear.get_history_no.0] = [SELECT CurrValue FROM quant.t_Counter WHERE CounterID = 't_QuantTestHistory' FOR UPDATE]
2024-08-14 16:18:48.571 | DEBUG    | 26628:256 | nxpy.db.executor:make_statement:456 - sql [quant_data_clear.get_history_no.0] = [SELECT CurrValue FROM quant.t_Counter WHERE CounterID = 't_QuantTestHistory' FOR UPDATE]
2024-08-14 16:20:42.366 | DEBUG    | 14456:24528 | nxpy.db.executor:make_statement:446 - sql [quant_data_clear.get_history_no.0] = [SELECT CurrValue FROM quant.t_Counter WHERE CounterID = 't_QuantTestHistory' FOR UPDATE]
2024-08-14 16:32:34.308 | DEBUG    | 26268:25536 | nxpy.db.executor:make_statement:444 - sql [quant_data_clear.get_history_no.0] = [SELECT CurrValue FROM quant.t_Counter WHERE CounterID = 't_QuantTestHistory' FOR UPDATE]
2024-08-14 16:34:41.304 | DEBUG    | 4284:15136 | nxpy.db.executor:make_statement:444 - sql [quant_data_clear.get_history_no.0] = [SELECT CurrValue FROM quant.t_Counter WHERE CounterID = 't_QuantTestHistory' FOR UPDATE]
2024-08-14 16:36:58.512 | DEBUG    | 5208:14572 | nxpy.db.executor:make_statement:444 - sql [quant_data_clear.get_history_no.0] = [SELECT CurrValue FROM quant.t_Counter WHERE CounterID = 't_QuantTestHistory' FOR UPDATE]
2024-08-14 16:36:58.923 | DEBUG    | 5208:14572 | nxpy.db.executor:make_statement:444 - sql [quant_data_clear.get_history_no.1] = [UPDATE quant.t_Counter SET CurrValue = %s WHERE CounterID = 't_QuantTestHistory']
2024-08-14 16:37:01.986 | DEBUG    | 5208:14572 | nxpy.db.executor:make_statement:444 - sql [quant_data_clear.get_history_no.0] = [SELECT CurrValue FROM quant.t_Counter WHERE CounterID = 't_QuantTestHistory' FOR UPDATE]
2024-08-14 16:37:02.007 | DEBUG    | 5208:14572 | nxpy.db.executor:make_statement:444 - sql [quant_data_clear.get_history_no.1] = [UPDATE quant.t_Counter SET CurrValue = %s WHERE CounterID = 't_QuantTestHistory']
2024-08-14 16:50:24.312 | DEBUG    | 16084:9040 | nxpy.db.executor:make_statement:444 - sql [quant_data_clear.get_history_no.0] = [SELECT CurrValue FROM quant.t_Counter WHERE CounterID = 't_QuantTestHistory' FOR UPDATE]
2024-08-14 16:50:24.898 | DEBUG    | 16084:9040 | nxpy.db.executor:make_statement:444 - sql [quant_data_clear.get_history_no.1] = [UPDATE quant.t_Counter SET CurrValue = %s WHERE CounterID = 't_QuantTestHistory']
2024-08-14 16:50:24.944 | INFO     | 16084:9040 | nxpy.service.service_player:info:69 - quant_clearer deal [8794]->[./media/yimt/e/temp/futurequant/out\00030675\20211120225021]
2024-08-14 16:50:27.957 | DEBUG    | 16084:9040 | nxpy.db.executor:make_statement:444 - sql [quant_data_clear.get_history_no.0] = [SELECT CurrValue FROM quant.t_Counter WHERE CounterID = 't_QuantTestHistory' FOR UPDATE]
2024-08-14 16:50:27.971 | DEBUG    | 16084:9040 | nxpy.db.executor:make_statement:444 - sql [quant_data_clear.get_history_no.1] = [UPDATE quant.t_Counter SET CurrValue = %s WHERE CounterID = 't_QuantTestHistory']
2024-08-14 16:50:28.019 | INFO     | 16084:9040 | nxpy.service.service_player:info:69 - quant_clearer deal [8795]->[./media/yimt/e/temp/futurequant/out\00030675\20211120225021]
2024-08-14 16:50:31.028 | DEBUG    | 16084:9040 | nxpy.db.executor:make_statement:444 - sql [quant_data_clear.get_history_no.0] = [SELECT CurrValue FROM quant.t_Counter WHERE CounterID = 't_QuantTestHistory' FOR UPDATE]
2024-08-14 16:50:31.043 | DEBUG    | 16084:9040 | nxpy.db.executor:make_statement:444 - sql [quant_data_clear.get_history_no.1] = [UPDATE quant.t_Counter SET CurrValue = %s WHERE CounterID = 't_QuantTestHistory']
2024-08-14 16:50:31.095 | INFO     | 16084:9040 | nxpy.service.service_player:info:69 - quant_clearer deal [8796]->[./media/yimt/e/temp/futurequant/out\00030675\20211120225021]
2024-08-14 16:50:34.111 | DEBUG    | 16084:9040 | nxpy.db.executor:make_statement:444 - sql [quant_data_clear.get_history_no.0] = [SELECT CurrValue FROM quant.t_Counter WHERE CounterID = 't_QuantTestHistory' FOR UPDATE]
2024-08-14 16:50:34.127 | DEBUG    | 16084:9040 | nxpy.db.executor:make_statement:444 - sql [quant_data_clear.get_history_no.1] = [UPDATE quant.t_Counter SET CurrValue = %s WHERE CounterID = 't_QuantTestHistory']
2024-08-14 16:50:34.182 | INFO     | 16084:9040 | nxpy.service.service_player:info:69 - quant_clearer deal [8797]->[./media/yimt/e/temp/futurequant/out\00030675\20211120225021]
2024-08-14 16:50:37.189 | DEBUG    | 16084:9040 | nxpy.db.executor:make_statement:444 - sql [quant_data_clear.get_history_no.0] = [SELECT CurrValue FROM quant.t_Counter WHERE CounterID = 't_QuantTestHistory' FOR UPDATE]
2024-08-14 16:50:37.212 | DEBUG    | 16084:9040 | nxpy.db.executor:make_statement:444 - sql [quant_data_clear.get_history_no.1] = [UPDATE quant.t_Counter SET CurrValue = %s WHERE CounterID = 't_QuantTestHistory']
2024-08-14 16:50:37.262 | INFO     | 16084:9040 | nxpy.service.service_player:info:69 - quant_clearer deal [8798]->[./media/yimt/e/temp/futurequant/out\00030675\20211120225021]
2024-08-14 16:50:40.267 | DEBUG    | 16084:9040 | nxpy.db.executor:make_statement:444 - sql [quant_data_clear.get_history_no.0] = [SELECT CurrValue FROM quant.t_Counter WHERE CounterID = 't_QuantTestHistory' FOR UPDATE]
2024-08-14 16:50:40.293 | DEBUG    | 16084:9040 | nxpy.db.executor:make_statement:444 - sql [quant_data_clear.get_history_no.1] = [UPDATE quant.t_Counter SET CurrValue = %s WHERE CounterID = 't_QuantTestHistory']
2024-08-14 16:50:40.347 | INFO     | 16084:9040 | nxpy.service.service_player:info:69 - quant_clearer deal [8799]->[./media/yimt/e/temp/futurequant/out\00030675\20211120225021]
2024-08-14 16:50:43.351 | DEBUG    | 16084:9040 | nxpy.db.executor:make_statement:444 - sql [quant_data_clear.get_history_no.0] = [SELECT CurrValue FROM quant.t_Counter WHERE CounterID = 't_QuantTestHistory' FOR UPDATE]
2024-08-14 16:50:43.375 | DEBUG    | 16084:9040 | nxpy.db.executor:make_statement:444 - sql [quant_data_clear.get_history_no.1] = [UPDATE quant.t_Counter SET CurrValue = %s WHERE CounterID = 't_QuantTestHistory']
2024-08-14 16:50:43.417 | INFO     | 16084:9040 | nxpy.service.service_player:info:69 - quant_clearer deal [8800]->[./media/yimt/e/temp/futurequant/out\00030675\20211120225021]
2024-08-15 14:30:50.710 | DEBUG    | 26144:20080 | nxpy.db.executor:make_statement:444 - sql [quant_data_clear.get_history_no.0] = [SELECT CurrValue FROM quant.t_Counter WHERE CounterID = 't_QuantTestHistory' FOR UPDATE]
2024-08-15 14:31:11.758 | DEBUG    | 26144:20080 | nxpy.db.executor:_execute:810 - sql [quant_data_clear.get_history_no.0] execute error: [2003 (HY000): Can't connect to MySQL server on '10.189.66.115:3306' (10060)]
2024-08-15 14:31:11.759 | ERROR    | 26144:20080 | nxpy.service.service_player:error:76 - quant_clearer failed: [code=-1, msg=2003 (HY000): Can't connect to MySQL server on '10.189.66.115:3306' (10060)]
2024-08-15 14:31:11.761 | INFO     | 26144:20080 | nxpy.service.service_player:info:69 - quant_clearer deal [None]->[./media/yimt/e/temp/futurequant/out\00030675\20211120225021]
2024-08-15 14:31:11.761 | ERROR    | 26144:20080 | nxpy.service.service_player:error:76 - quant_clearer none history_no
2024-08-15 14:31:25.419 | DEBUG    | 20564:24428 | nxpy.db.executor:make_statement:444 - sql [quant_data_clear.get_history_no.0] = [SELECT CurrValue FROM quant.t_Counter WHERE CounterID = 't_QuantTestHistory' FOR UPDATE]
2024-08-15 14:31:55.113 | DEBUG    | 12588:20584 | nxpy.db.executor:make_statement:444 - sql [quant_data_clear.get_history_no.0] = [SELECT CurrValue FROM quant.t_Counter WHERE CounterID = 't_QuantTestHistory' FOR UPDATE]
2024-08-15 14:41:14.203 | DEBUG    | 10924:11208 | nxpy.db.executor:make_statement:444 - sql [quant_data_clear.get_history_no.0] = [SELECT CurrValue FROM quant.t_Counter WHERE CounterID = 't_QuantTestHistory' FOR UPDATE]
2024-08-15 14:41:14.625 | DEBUG    | 10924:11208 | nxpy.db.executor:make_statement:444 - sql [quant_data_clear.get_history_no.1] = [UPDATE quant.t_Counter SET CurrValue = %s WHERE CounterID = 't_QuantTestHistory']
2024-08-15 14:41:14.683 | INFO     | 10924:11208 | nxpy.service.service_player:info:69 - quant_clearer deal [8801]->[./media/yimt/e/temp/futurequant/out\00030675\20211120225021]
2024-08-15 14:52:23.223 | DEBUG    | 30860:30500 | nxpy.db.executor:make_statement:444 - sql [quant_data_clear.get_history_no.0] = [SELECT CurrValue FROM quant.t_Counter WHERE CounterID = 't_QuantTestHistory' FOR UPDATE]
2024-08-15 14:52:23.808 | DEBUG    | 30860:30500 | nxpy.db.executor:make_statement:444 - sql [quant_data_clear.get_history_no.1] = [UPDATE quant.t_Counter SET CurrValue = %s WHERE CounterID = 't_QuantTestHistory']
2024-08-15 14:52:23.870 | INFO     | 30860:30500 | nxpy.service.service_player:info:69 - quant_clearer deal [8770]->[./media/yimt/e/temp/futurequant/out\00030675\20211120225021]
2024-08-15 14:52:23.916 | DEBUG    | 30860:30500 | nxpy.db.executor:make_statement:444 - sql [quant_data_clear.clean_future_simtest_data.0] = [DELETE FROM quant.t_Future_SimTestInfo WHERE HistoryNo = %s]
2024-08-15 14:52:23.955 | DEBUG    | 30860:30500 | nxpy.db.executor:make_statement:444 - sql [quant_data_clear.clean_future_simtest_data.1] = [DELETE FROM quant.t_Future_SimTestInitPosition WHERE HistoryNo = %s]
2024-08-15 14:52:23.987 | DEBUG    | 30860:30500 | nxpy.db.executor:make_statement:444 - sql [quant_data_clear.clean_future_simtest_data.2] = [DELETE FROM quant.t_Future_SimTestOrder WHERE HistoryNo = %s]
2024-08-15 14:52:24.021 | DEBUG    | 30860:30500 | nxpy.db.executor:make_statement:444 - sql [quant_data_clear.clean_future_simtest_data.3] = [DELETE FROM quant.t_Future_SimTestTrade WHERE HistoryNo = %s]
2024-08-15 14:52:24.045 | DEBUG    | 30860:30500 | nxpy.db.executor:make_statement:444 - sql [quant_data_clear.clean_future_simtest_data.4] = [DELETE FROM quant.t_Future_SimTestPosition WHERE HistoryNo = %s]
2024-08-15 14:52:24.072 | DEBUG    | 30860:30500 | nxpy.db.executor:make_statement:444 - sql [quant_data_clear.clean_future_simtest_data.5] = [DELETE FROM quant.t_Future_SimTestPositionDetail WHERE HistoryNo = %s]
2024-08-15 14:52:24.104 | DEBUG    | 30860:30500 | nxpy.db.executor:make_statement:444 - sql [quant_data_clear.clean_future_simtest_data.6] = [DELETE FROM quant.t_Future_SimTestSubMD WHERE HistoryNo = %s]
2024-08-15 14:52:24.146 | DEBUG    | 30860:30500 | nxpy.db.executor:make_statement:444 - sql [quant_data_clear.clean_future_simtest_data.7] = [DELETE FROM quant.t_Future_SimTestTradingAccount WHERE HistoryNo = %s]
